TN:
SF:script/DeployMockUSDC.s.sol
DA:8,0
FN:8,DeployMockUSDC.run
FNDA:0,DeployMockUSDC.run
DA:9,0
DA:11,0
DA:13,0
DA:14,0
DA:16,0
DA:18,0
FNF:1
FNH:0
LF:7
LH:0
BRF:0
BRH:0
end_of_record
TN:
SF:script/DeployPredictionMarket.s.sol
DA:8,0
FN:8,DeployPredictionMarket.run
FNDA:0,DeployPredictionMarket.run
DA:10,0
DA:12,0
DA:14,0
DA:16,0
DA:17,0
DA:18,0
DA:20,0
DA:22,0
FNF:1
FNH:0
LF:9
LH:0
BRF:0
BRH:0
end_of_record
TN:
SF:src/MockUSDC.sol
DA:13,0
FN:13,MockUSDC.constructor
FNDA:0,MockUSDC.constructor
DA:15,0
DA:18,0
FN:18,MockUSDC.decimals
FNDA:0,MockUSDC.decimals
DA:19,0
DA:25,0
FN:25,MockUSDC.mint
FNDA:0,MockUSDC.mint
DA:26,0
DA:32,0
FN:32,MockUSDC.faucet
FNDA:0,MockUSDC.faucet
DA:33,0
FNF:4
FNH:0
LF:8
LH:0
BRF:0
BRH:0
end_of_record
TN:
SF:src/PredictionMarket.sol
DA:122,96
FN:122,PredictionMarket.constructor
FNDA:96,PredictionMarket.constructor
DA:123,96
BRDA:123,0,0,1
BRDA:123,0,1,95
DA:124,95
DA:129,15
FN:129,PredictionMarket.marketExists
FNDA:15,PredictionMarket.marketExists
DA:130,15
BRDA:130,1,0,1
BRDA:130,1,1,2
DA:134,106
FN:134,PredictionMarket.onlyOpen
FNDA:106,PredictionMarket.onlyOpen
DA:135,106
DA:136,106
BRDA:136,2,0,2
BRDA:136,2,1,104
DA:137,104
BRDA:137,3,0,2
BRDA:137,3,1,102
DA:141,14
FN:141,PredictionMarket.onlyResolvable
FNDA:14,PredictionMarket.onlyResolvable
DA:142,14
DA:143,14
BRDA:143,4,0,2
BRDA:143,4,1,30
DA:150,12
FN:150,PredictionMarket.canResolve
FNDA:12,PredictionMarket.canResolve
DA:151,12
DA:152,12
BRDA:152,5,0,1
BRDA:152,5,1,29
DA:161,3
FN:161,PredictionMarket.setProtocolTreasury
FNDA:3,PredictionMarket.setProtocolTreasury
DA:162,2
BRDA:162,6,0,1
BRDA:162,6,1,1
DA:163,1
DA:182,79
FN:182,PredictionMarket.createMarket
FNDA:79,PredictionMarket.createMarket
DA:187,79
BRDA:187,7,0,2
BRDA:187,7,1,77
DA:188,77
BRDA:188,8,0,1
BRDA:188,8,1,76
DA:189,76
BRDA:189,9,0,1
BRDA:189,9,1,75
DA:190,75
BRDA:190,10,0,2
BRDA:190,10,1,73
DA:191,73
BRDA:191,11,0,1
BRDA:191,11,1,72
DA:193,72
DA:195,72
DA:196,72
DA:197,72
DA:198,72
DA:199,72
DA:200,72
DA:201,72
DA:202,72
DA:203,72
DA:204,72
DA:206,72
DA:222,107
FN:222,PredictionMarket.bet
FNDA:107,PredictionMarket.bet
DA:228,102
DA:229,102
BRDA:229,12,0,1
BRDA:229,12,1,101
DA:230,101
BRDA:230,13,0,1
BRDA:230,13,1,100
DA:233,100
DA:236,100
DA:237,100
DA:238,100
DA:239,100
DA:241,100
DA:255,11
FN:255,PredictionMarket.lockMarket
FNDA:11,PredictionMarket.lockMarket
DA:261,9
DA:262,9
BRDA:262,14,0,2
BRDA:262,14,1,7
DA:264,7
DA:266,7
DA:272,33
FN:272,PredictionMarket.resolve
FNDA:33,PredictionMarket.resolve
DA:279,29
DA:280,29
BRDA:280,15,0,1
BRDA:280,15,1,28
DA:282,28
DA:283,28
DA:285,28
DA:286,28
DA:287,28
DA:289,28
BRDA:289,16,0,1
BRDA:289,16,1,27
DA:291,1
DA:292,1
DA:293,1
DA:294,1
DA:297,27
DA:298,27
DA:299,27
DA:302,27
DA:305,28
DA:306,28
DA:309,28
BRDA:309,17,0,7
DA:310,7
DA:312,28
BRDA:312,18,0,7
DA:313,7
DA:316,28
DA:329,15
FN:329,PredictionMarket.voidMarket
FNDA:15,PredictionMarket.voidMarket
DA:336,12
DA:337,12
DA:339,12
DA:346,22
FN:346,PredictionMarket.claimWinnings
FNDA:22,PredictionMarket.claimWinnings
DA:351,21
DA:352,21
BRDA:352,19,0,1
BRDA:352,19,1,20
DA:354,20
DA:355,20
DA:356,20
BRDA:356,20,0,2
BRDA:356,20,1,18
DA:357,18
BRDA:357,21,0,1
BRDA:357,21,1,17
DA:359,17
DA:362,17
DA:363,17
BRDA:363,22,0,-
BRDA:363,22,1,17
DA:365,17
DA:367,17
DA:379,10
FN:379,PredictionMarket.claimRefund
FNDA:10,PredictionMarket.claimRefund
DA:384,9
DA:385,9
BRDA:385,23,0,1
BRDA:385,23,1,8
DA:386,8
BRDA:386,24,0,1
BRDA:386,24,1,7
DA:388,7
DA:389,7
DA:390,7
BRDA:390,25,0,2
BRDA:390,25,1,5
DA:391,5
BRDA:391,26,0,1
BRDA:391,26,1,4
DA:393,4
DA:396,4
DA:398,4
DA:410,22
FN:410,PredictionMarket.getMarketData
FNDA:22,PredictionMarket.getMarketData
DA:425,21
DA:426,21
DA:439,4
FN:439,PredictionMarket.getMarketPools
FNDA:4,PredictionMarket.getMarketPools
DA:445,3
DA:446,3
DA:447,3
DA:448,9
DA:453,6
FN:453,PredictionMarket.getUserShares
FNDA:6,PredictionMarket.getUserShares
DA:459,5
DA:460,5
DA:461,5
DA:462,10
DA:467,3
FN:467,PredictionMarket.hasClaimed
FNDA:3,PredictionMarket.hasClaimed
DA:473,2
DA:477,4
FN:477,PredictionMarket.getIndicativePrices
FNDA:4,PredictionMarket.getIndicativePrices
DA:483,3
DA:484,3
DA:486,3
BRDA:486,27,0,1
BRDA:486,27,1,4
DA:488,1
DA:489,1
DA:490,2
DA:493,2
DA:494,4
DA:504,3
FN:504,PredictionMarket.getIndicativePayout
FNDA:3,PredictionMarket.getIndicativePayout
DA:510,3
DA:511,3
BRDA:511,28,0,1
BRDA:511,28,1,2
DA:513,2
DA:514,2
DA:516,2
DA:517,2
DA:520,2
DA:524,4
FN:524,PredictionMarket.getClaimableAmount
FNDA:4,PredictionMarket.getClaimableAmount
DA:530,3
DA:532,3
BRDA:532,29,0,2
BRDA:532,29,1,2
DA:533,2
DA:534,2
DA:535,2
BRDA:535,30,0,1
DA:536,1
DA:537,1
DA:539,1
BRDA:539,31,0,1
DA:541,1
DA:542,2
DA:543,2
BRDA:543,32,0,2
DA:544,2
DA:545,2
DA:552,3
FN:552,PredictionMarket.getOutcomePool
FNDA:3,PredictionMarket.getOutcomePool
DA:558,2
DA:562,2
FN:562,PredictionMarket.emergencyWithdraw
FNDA:2,PredictionMarket.emergencyWithdraw
DA:563,1
FNF:22
FNH:22
LF:152
LH:152
BRF:61
BRH:60
end_of_record
TN:
SF:test/BaseTest.sol
DA:89,95
FN:89,BaseTest.setUp
FNDA:95,BaseTest.setUp
DA:90,95
DA:91,95
DA:92,95
DA:93,95
DA:96,95
DA:97,95
DA:98,95
DA:99,95
DA:100,95
DA:101,95
DA:102,95
DA:103,95
DA:109,107
FN:109,BaseTest.fundUser
FNDA:107,BaseTest.fundUser
DA:110,107
DA:111,107
DA:112,107
DA:116,40
FN:116,BaseTest.createTestMarket
FNDA:40,BaseTest.createTestMarket
DA:117,40
DA:121,41
FN:121,BaseTest.createTestMarketWithOutcomes
FNDA:41,BaseTest.createTestMarketWithOutcomes
DA:122,41
DA:131,7
FN:131,BaseTest.createTestMarketWithFees
FNDA:7,BaseTest.createTestMarketWithFees
DA:135,7
DA:144,21
FN:144,BaseTest.createTestMarketNoFees
FNDA:21,BaseTest.createTestMarketNoFees
DA:145,21
DA:149,71
FN:149,BaseTest.createMarketWithParams
FNDA:71,BaseTest.createMarketWithParams
DA:155,71
DA:166,71
DA:167,71
DA:171,99
FN:171,BaseTest.placeBet
FNDA:99,BaseTest.placeBet
DA:177,99
DA:178,99
DA:179,99
DA:183,1
FN:183,BaseTest.advancePastClose
FNDA:1,BaseTest.advancePastClose
DA:184,1
DA:193,1
DA:194,1
DA:198,26
FN:198,BaseTest.resolveMarket
FNDA:26,BaseTest.resolveMarket
DA:199,26
DA:200,26
DA:204,1
FN:204,BaseTest.resolveMarketAsCreator
FNDA:1,BaseTest.resolveMarketAsCreator
DA:205,1
DA:206,1
DA:210,11
FN:210,BaseTest.voidMarket
FNDA:11,BaseTest.voidMarket
DA:211,11
DA:212,11
DA:216,6
FN:216,BaseTest.lockMarket
FNDA:6,BaseTest.lockMarket
DA:217,6
DA:218,6
DA:222,3
FN:222,BaseTest.getUserOutcomeShares
FNDA:3,BaseTest.getUserOutcomeShares
DA:223,3
DA:224,3
DA:228,9
FN:228,BaseTest.getMarketState
FNDA:9,BaseTest.getMarketState
DA:229,9
DA:230,9
DA:234,6
FN:234,BaseTest.getMarketTotalPot
FNDA:6,BaseTest.getMarketTotalPot
DA:235,6
DA:236,6
DA:240,0
FN:240,BaseTest.assertPricesSumToOne
FNDA:0,BaseTest.assertPricesSumToOne
DA:241,0
DA:242,0
DA:243,0
DA:244,0
DA:246,0
FNF:17
FNH:16
LF:64
LH:58
BRF:0
BRH:0
end_of_record
TN:
SF:test/mocks/MockERC20.sol
DA:9,95
FN:9,MockERC20.constructor
FNDA:95,MockERC20.constructor
DA:10,95
DA:13,0
FN:13,MockERC20.decimals
FNDA:0,MockERC20.decimals
DA:14,0
DA:17,107
FN:17,MockERC20.mint
FNDA:107,MockERC20.mint
DA:18,107
DA:21,0
FN:21,MockERC20.burn
FNDA:0,MockERC20.burn
DA:22,0
FNF:4
FNH:2
LF:8
LH:4
BRF:0
BRH:0
end_of_record
TN:
SF:test/mocks/MockWETH.sol
DA:12,0
FN:12,MockWETH.decimals
FNDA:0,MockWETH.decimals
DA:13,0
DA:16,0
FN:16,MockWETH.deposit
FNDA:0,MockWETH.deposit
DA:17,0
DA:18,0
DA:21,0
FN:21,MockWETH.withdraw
FNDA:0,MockWETH.withdraw
DA:22,0
BRDA:22,0,0,-
BRDA:22,0,1,-
DA:23,0
DA:24,0
DA:25,0
BRDA:25,1,0,-
BRDA:25,1,1,-
DA:26,0
DA:29,0
FN:29,MockWETH.receive
FNDA:0,MockWETH.receive
DA:30,0
FNF:4
FNH:0
LF:13
LH:0
BRF:4
BRH:0
end_of_record
